<?xml version="1.0" encoding="UTF-8"?>
<Site BuildName="(empty)"
	BuildStamp="20241227-1254-Experimental"
	Name="LOQ-Pheonix"
	Generator="ctest-3.22.1"
	CompilerName="/usr/bin/g++-12"
	CompilerVersion="12.3.0"
	OSName="Linux"
	Hostname="LOQ-Pheonix"
	OSRelease="6.8.0-50-generic"
	OSVersion="#51~22.04.1-Ubuntu SMP PREEMPT_DYNAMIC Thu Nov 21 12:03:03 UTC 2"
	OSPlatform="x86_64"
	Is64Bits="1"
	VendorString="AuthenticAMD"
	VendorID="Advanced Micro Devices"
	FamilyID="25"
	ModelID="116"
	ProcessorCacheSize="1024"
	NumberOfLogicalCPU="16"
	NumberOfPhysicalCPU="8"
	TotalVirtualMemory="2047"
	TotalPhysicalMemory="31271"
	LogicalProcessorsPerPhysical="2"
	ProcessorClockFrequency="4757.3"
	>
	<Testing>
		<StartDateTime>Dec 27 18:24 IST</StartDateTime>
		<StartTestTime>1735304072</StartTestTime>
		<TestList/>
		<EndDateTime>Dec 27 18:24 IST</EndDateTime>
		<EndTestTime>1735304072</EndTestTime>
		<ElapsedMinutes>0</ElapsedMinutes>
	</Testing>
</Site>
